<?xml version="1.0" encoding="UTF-8"?>
<testng-results ignored="0" total="5" passed="5" failed="0" skipped="0">
  <reporter-output>
  </reporter-output>
  <suite started-at="2024-10-17T19:07:57 EEST" name="Default suite" finished-at="2024-10-17T19:08:12 EEST" duration-ms="14681">
    <groups>
    </groups>
    <test started-at="2024-10-17T19:07:57 EEST" name="Default test" finished-at="2024-10-17T19:08:12 EEST" duration-ms="14681">
      <class name="sumerge.LoginTest">
        <test-method is-config="true" signature="beforeMethod()[pri:0, instance:sumerge.LoginTest@77847718]" started-at="2024-10-17T19:07:57 EEST" name="beforeMethod" finished-at="2024-10-17T19:08:01 EEST" duration-ms="3999" status="PASS">
          <reporter-output>
          </reporter-output>
        </test-method> <!-- beforeMethod -->
        <test-method signature="testEmptyPasswordCredntials()[pri:0, instance:sumerge.LoginTest@77847718]" started-at="2024-10-17T19:08:01 EEST" name="testEmptyPasswordCredntials" finished-at="2024-10-17T19:08:01 EEST" duration-ms="188" status="PASS">
          <reporter-output>
          </reporter-output>
        </test-method> <!-- testEmptyPasswordCredntials -->
        <test-method is-config="true" signature="afterMethod()[pri:0, instance:sumerge.LoginTest@77847718]" started-at="2024-10-17T19:08:01 EEST" name="afterMethod" finished-at="2024-10-17T19:08:02 EEST" duration-ms="126" status="PASS">
          <reporter-output>
          </reporter-output>
        </test-method> <!-- afterMethod -->
        <test-method is-config="true" signature="beforeMethod()[pri:0, instance:sumerge.LoginTest@77847718]" started-at="2024-10-17T19:08:02 EEST" name="beforeMethod" finished-at="2024-10-17T19:08:03 EEST" duration-ms="1794" status="PASS">
          <reporter-output>
          </reporter-output>
        </test-method> <!-- beforeMethod -->
        <test-method signature="testEmptyUsernameCredntials()[pri:0, instance:sumerge.LoginTest@77847718]" started-at="2024-10-17T19:08:03 EEST" name="testEmptyUsernameCredntials" finished-at="2024-10-17T19:08:04 EEST" duration-ms="189" status="PASS">
          <reporter-output>
          </reporter-output>
        </test-method> <!-- testEmptyUsernameCredntials -->
        <test-method is-config="true" signature="afterMethod()[pri:0, instance:sumerge.LoginTest@77847718]" started-at="2024-10-17T19:08:04 EEST" name="afterMethod" finished-at="2024-10-17T19:08:04 EEST" duration-ms="110" status="PASS">
          <reporter-output>
          </reporter-output>
        </test-method> <!-- afterMethod -->
        <test-method is-config="true" signature="beforeMethod()[pri:0, instance:sumerge.LoginTest@77847718]" started-at="2024-10-17T19:08:04 EEST" name="beforeMethod" finished-at="2024-10-17T19:08:05 EEST" duration-ms="1815" status="PASS">
          <reporter-output>
          </reporter-output>
        </test-method> <!-- beforeMethod -->
        <test-method signature="testFormIsVisiblle()[pri:0, instance:sumerge.LoginTest@77847718]" started-at="2024-10-17T19:08:05 EEST" name="testFormIsVisiblle" finished-at="2024-10-17T19:08:06 EEST" duration-ms="57" status="PASS">
          <reporter-output>
          </reporter-output>
        </test-method> <!-- testFormIsVisiblle -->
        <test-method is-config="true" signature="afterMethod()[pri:0, instance:sumerge.LoginTest@77847718]" started-at="2024-10-17T19:08:06 EEST" name="afterMethod" finished-at="2024-10-17T19:08:06 EEST" duration-ms="117" status="PASS">
          <reporter-output>
          </reporter-output>
        </test-method> <!-- afterMethod -->
        <test-method is-config="true" signature="beforeMethod()[pri:0, instance:sumerge.LoginTest@77847718]" started-at="2024-10-17T19:08:06 EEST" name="beforeMethod" finished-at="2024-10-17T19:08:08 EEST" duration-ms="1853" status="PASS">
          <reporter-output>
          </reporter-output>
        </test-method> <!-- beforeMethod -->
        <test-method signature="testValidCredential()[pri:0, instance:sumerge.LoginTest@77847718]" started-at="2024-10-17T19:08:08 EEST" name="testValidCredential" finished-at="2024-10-17T19:08:10 EEST" duration-ms="2212" status="PASS">
          <reporter-output>
          </reporter-output>
        </test-method> <!-- testValidCredential -->
        <test-method is-config="true" signature="afterMethod()[pri:0, instance:sumerge.LoginTest@77847718]" started-at="2024-10-17T19:08:10 EEST" name="afterMethod" finished-at="2024-10-17T19:08:10 EEST" duration-ms="131" status="PASS">
          <reporter-output>
          </reporter-output>
        </test-method> <!-- afterMethod -->
        <test-method is-config="true" signature="beforeMethod()[pri:0, instance:sumerge.LoginTest@77847718]" started-at="2024-10-17T19:08:10 EEST" name="beforeMethod" finished-at="2024-10-17T19:08:12 EEST" duration-ms="1731" status="PASS">
          <reporter-output>
          </reporter-output>
        </test-method> <!-- beforeMethod -->
        <test-method signature="testWrongCredntials()[pri:0, instance:sumerge.LoginTest@77847718]" started-at="2024-10-17T19:08:12 EEST" name="testWrongCredntials" finished-at="2024-10-17T19:08:12 EEST" duration-ms="211" status="PASS">
          <reporter-output>
          </reporter-output>
        </test-method> <!-- testWrongCredntials -->
        <test-method is-config="true" signature="afterMethod()[pri:0, instance:sumerge.LoginTest@77847718]" started-at="2024-10-17T19:08:12 EEST" name="afterMethod" finished-at="2024-10-17T19:08:12 EEST" duration-ms="124" status="PASS">
          <reporter-output>
          </reporter-output>
        </test-method> <!-- afterMethod -->
      </class> <!-- sumerge.LoginTest -->
    </test> <!-- Default test -->
  </suite> <!-- Default suite -->
</testng-results>
