<?xml version="1.0" encoding="UTF-8"?>
<!-- Generated by org.testng.reporters.JUnitXMLReporter -->
<testsuite ignored="0" hostname="DESKTOP-FMK911I" failures="0" tests="5" name="Default test" time="14.681" errors="0" timestamp="2024-10-17T19:08:12 EEST">
  <testcase classname="sumerge.LoginTest" name="testEmptyPasswordCredntials" time="0.188"/>
  <testcase classname="sumerge.LoginTest" name="testEmptyUsernameCredntials" time="0.189"/>
  <testcase classname="sumerge.LoginTest" name="testFormIsVisiblle" time="0.057"/>
  <testcase classname="sumerge.LoginTest" name="testValidCredential" time="2.212"/>
  <testcase classname="sumerge.LoginTest" name="testWrongCredntials" time="0.211"/>
</testsuite> <!-- Default test -->
